<?xml version="1.0" encoding="UTF-8"?>
<!-- Generated by org.testng.reporters.JUnitReportReporter -->
<testsuite skipped="0" hostname="sri-PC" name="testScripts.Module1" tests="1" failures="0" timestamp="11 Apr 2019 10:01:26 GMT" time="38.170" errors="0">
  <testcase name="TC101" time="38.170" classname="testScripts.Module1"/>
</testsuite> <!-- testScripts.Module1 -->
