<?xml version="1.0" encoding="UTF-8"?>
<!-- Generated by org.testng.reporters.JUnitReportReporter -->
<testsuite skipped="0" hostname="sri-PC" name="testScripts.Module2" tests="1" failures="0" timestamp="11 Apr 2019 10:01:26 GMT" time="30.701" errors="0">
  <testcase name="TC201" time="30.701" classname="testScripts.Module2"/>
</testsuite> <!-- testScripts.Module2 -->
